2017-10-07 10:38:04 [127.0.0.1][admin][-][error][yii\web\Session::open] session_start(): Failed to read session data: files (path: /opt/lampp/temp/)
    in /home/ff/workspace/billiards/backend/controllers/LoginController.php:24
2017-10-07 10:38:04 [127.0.0.1][admin][-][error][yii\web\Session::open] session_start(): Failed to read session data: files (path: /opt/lampp/temp/)
    in /home/ff/workspace/billiards/backend/controllers/LoginController.php:40
2017-10-07 10:38:04 [127.0.0.1][admin][-][error][yii\web\Session::open] session_start(): Failed to read session data: files (path: /opt/lampp/temp/)
    in /home/ff/workspace/billiards/backend/controllers/LoginController.php:40
2017-10-07 10:38:04 [127.0.0.1][admin][-][error][yii\web\Session::open] session_start(): Failed to read session data: files (path: /opt/lampp/temp/)
    in /home/ff/workspace/billiards/backend/controllers/LoginController.php:40
2017-10-07 10:38:04 [127.0.0.1][admin][-][info][application] $_GET = [
    'r' => 'login/index'
]

$_POST = [
    '_csrf-backend' => 'cFJIYUt1QTVBGX8UHjEbezt/eS4aHCRBRAYqUjEAdQMEKnwte0VzfQ=='
    'user' => 'admin'
    'pwd' => 'admin123'
]

$_COOKIE = [
    '_csrf-backend' => '47b98c459881b19c86792da2afbb20e22453a33fd301ce54b1a6f9950c774905a:2:{i:0;s:13:\"_csrf-backend\";i:1;s:32:\"1K7uUDZNK-1OQiet4Tb3zu46tx4L002H\";}'
    'advanced-backend' => 'b0fc35e8990e8d6b34248a50d353726b'
]

$_SESSION = [
    '__id' => 'admin'
]

$_SERVER = [
    'UNIQUE_ID' => 'WdiSbH8AAQEAADjxd58AAAAD'
    'HTTP_HOST' => 'www.test.com'
    'HTTP_USER_AGENT' => 'Mozilla/5.0 (X11; Linux x86_64) AppleWebKit/537.36 (KHTML, like Gecko) Chrome/61.0.3163.100 Safari/537.36'
    'CONTENT_LENGTH' => '100'
    'HTTP_ACCEPT' => 'text/html,application/xhtml+xml,application/xml;q=0.9,image/webp,image/apng,*/*;q=0.8'
    'HTTP_ACCEPT_ENCODING' => 'gzip, deflate'
    'HTTP_ACCEPT_LANGUAGE' => 'zh-CN,zh;q=0.8,en;q=0.6'
    'HTTP_CACHE_CONTROL' => 'max-age=0'
    'CONTENT_TYPE' => 'application/x-www-form-urlencoded'
    'HTTP_COOKIE' => '_csrf-backend=47b98c459881b19c86792da2afbb20e22453a33fd301ce54b1a6f9950c774905a%3A2%3A%7Bi%3A0%3Bs%3A13%3A%22_csrf-backend%22%3Bi%3A1%3Bs%3A32%3A%221K7uUDZNK-1OQiet4Tb3zu46tx4L002H%22%3B%7D; advanced-backend=b0fc35e8990e8d6b34248a50d353726b'
    'HTTP_ORIGIN' => 'http://www.test.com'
    'HTTP_PROXY_CONNECTION' => 'keep-alive'
    'HTTP_REFERER' => 'http://www.test.com/billiards/backend/web/index.php?r=login%2Findex'
    'HTTP_UPGRADE_INSECURE_REQUESTS' => '1'
    'PATH' => '/usr/local/sbin:/usr/local/bin:/usr/sbin:/usr/bin:/sbin:/bin:/snap/bin'
    'LD_LIBRARY_PATH' => '/opt/lampp/lib:/opt/lampp/lib'
    'SERVER_SIGNATURE' => ''
    'SERVER_SOFTWARE' => 'Apache/2.4.27 (Unix) OpenSSL/1.0.2l PHP/7.1.9 mod_perl/2.0.8-dev Perl/v5.16.3'
    'SERVER_NAME' => 'www.test.com'
    'SERVER_ADDR' => '127.0.0.1'
    'SERVER_PORT' => '80'
    'REMOTE_ADDR' => '127.0.0.1'
    'DOCUMENT_ROOT' => '/home/ff/workspace'
    'REQUEST_SCHEME' => 'http'
    'CONTEXT_PREFIX' => ''
    'CONTEXT_DOCUMENT_ROOT' => '/home/ff/workspace'
    'SERVER_ADMIN' => 'you@example.com'
    'SCRIPT_FILENAME' => '/home/ff/workspace/billiards/backend/web/index.php'
    'REMOTE_PORT' => '42286'
    'GATEWAY_INTERFACE' => 'CGI/1.1'
    'SERVER_PROTOCOL' => 'HTTP/1.1'
    'REQUEST_METHOD' => 'POST'
    'QUERY_STRING' => 'r=login%2Findex'
    'REQUEST_URI' => '/billiards/backend/web/index.php?r=login%2Findex'
    'SCRIPT_NAME' => '/billiards/backend/web/index.php'
    'PHP_SELF' => '/billiards/backend/web/index.php'
    'REQUEST_TIME_FLOAT' => 1507365484.402
    'REQUEST_TIME' => 1507365484
]
2017-10-07 10:38:04 [127.0.0.1][-][-][error][yii\web\Session::open] session_start(): Failed to read session data: files (path: /opt/lampp/temp/)
2017-10-07 10:38:04 [127.0.0.1][-][-][info][application] $_COOKIE = [
    '_csrf-backend' => '47b98c459881b19c86792da2afbb20e22453a33fd301ce54b1a6f9950c774905a:2:{i:0;s:13:\"_csrf-backend\";i:1;s:32:\"1K7uUDZNK-1OQiet4Tb3zu46tx4L002H\";}'
    'advanced-backend' => 'b0fc35e8990e8d6b34248a50d353726b'
]

$_SERVER = [
    'UNIQUE_ID' => 'WdiSbH8AAQEAADjxd6AAAAAD'
    'HTTP_HOST' => 'www.test.com'
    'HTTP_USER_AGENT' => 'Mozilla/5.0 (X11; Linux x86_64) AppleWebKit/537.36 (KHTML, like Gecko) Chrome/61.0.3163.100 Safari/537.36'
    'HTTP_ACCEPT' => 'text/html,application/xhtml+xml,application/xml;q=0.9,image/webp,image/apng,*/*;q=0.8'
    'HTTP_ACCEPT_ENCODING' => 'gzip, deflate'
    'HTTP_ACCEPT_LANGUAGE' => 'zh-CN,zh;q=0.8,en;q=0.6'
    'HTTP_CACHE_CONTROL' => 'max-age=0'
    'HTTP_COOKIE' => '_csrf-backend=47b98c459881b19c86792da2afbb20e22453a33fd301ce54b1a6f9950c774905a%3A2%3A%7Bi%3A0%3Bs%3A13%3A%22_csrf-backend%22%3Bi%3A1%3Bs%3A32%3A%221K7uUDZNK-1OQiet4Tb3zu46tx4L002H%22%3B%7D; advanced-backend=b0fc35e8990e8d6b34248a50d353726b'
    'HTTP_PROXY_CONNECTION' => 'keep-alive'
    'HTTP_REFERER' => 'http://www.test.com/billiards/backend/web/index.php?r=login%2Findex'
    'HTTP_UPGRADE_INSECURE_REQUESTS' => '1'
    'PATH' => '/usr/local/sbin:/usr/local/bin:/usr/sbin:/usr/bin:/sbin:/bin:/snap/bin'
    'LD_LIBRARY_PATH' => '/opt/lampp/lib:/opt/lampp/lib'
    'SERVER_SIGNATURE' => ''
    'SERVER_SOFTWARE' => 'Apache/2.4.27 (Unix) OpenSSL/1.0.2l PHP/7.1.9 mod_perl/2.0.8-dev Perl/v5.16.3'
    'SERVER_NAME' => 'www.test.com'
    'SERVER_ADDR' => '127.0.0.1'
    'SERVER_PORT' => '80'
    'REMOTE_ADDR' => '127.0.0.1'
    'DOCUMENT_ROOT' => '/home/ff/workspace'
    'REQUEST_SCHEME' => 'http'
    'CONTEXT_PREFIX' => ''
    'CONTEXT_DOCUMENT_ROOT' => '/home/ff/workspace'
    'SERVER_ADMIN' => 'you@example.com'
    'SCRIPT_FILENAME' => '/home/ff/workspace/billiards/backend/web/index.php'
    'REMOTE_PORT' => '42286'
    'GATEWAY_INTERFACE' => 'CGI/1.1'
    'SERVER_PROTOCOL' => 'HTTP/1.1'
    'REQUEST_METHOD' => 'GET'
    'QUERY_STRING' => ''
    'REQUEST_URI' => '/billiards/backend/web/index.php'
    'SCRIPT_NAME' => '/billiards/backend/web/index.php'
    'PHP_SELF' => '/billiards/backend/web/index.php'
    'REQUEST_TIME_FLOAT' => 1507365484.435
    'REQUEST_TIME' => 1507365484
]
2017-10-07 10:38:04 [127.0.0.1][-][-][error][yii\web\Session::open] session_start(): Failed to read session data: files (path: /opt/lampp/temp/)
    in /home/ff/workspace/billiards/backend/controllers/LoginController.php:24
2017-10-07 10:38:04 [127.0.0.1][-][-][info][application] $_GET = [
    'r' => 'login/index'
]

$_COOKIE = [
    '_csrf-backend' => '47b98c459881b19c86792da2afbb20e22453a33fd301ce54b1a6f9950c774905a:2:{i:0;s:13:\"_csrf-backend\";i:1;s:32:\"1K7uUDZNK-1OQiet4Tb3zu46tx4L002H\";}'
    'advanced-backend' => 'b0fc35e8990e8d6b34248a50d353726b'
]

$_SERVER = [
    'UNIQUE_ID' => 'WdiSbH8AAQEAADjxd6EAAAAD'
    'HTTP_HOST' => 'www.test.com'
    'HTTP_USER_AGENT' => 'Mozilla/5.0 (X11; Linux x86_64) AppleWebKit/537.36 (KHTML, like Gecko) Chrome/61.0.3163.100 Safari/537.36'
    'HTTP_ACCEPT' => 'text/html,application/xhtml+xml,application/xml;q=0.9,image/webp,image/apng,*/*;q=0.8'
    'HTTP_ACCEPT_ENCODING' => 'gzip, deflate'
    'HTTP_ACCEPT_LANGUAGE' => 'zh-CN,zh;q=0.8,en;q=0.6'
    'HTTP_CACHE_CONTROL' => 'max-age=0'
    'HTTP_COOKIE' => '_csrf-backend=47b98c459881b19c86792da2afbb20e22453a33fd301ce54b1a6f9950c774905a%3A2%3A%7Bi%3A0%3Bs%3A13%3A%22_csrf-backend%22%3Bi%3A1%3Bs%3A32%3A%221K7uUDZNK-1OQiet4Tb3zu46tx4L002H%22%3B%7D; advanced-backend=b0fc35e8990e8d6b34248a50d353726b'
    'HTTP_PROXY_CONNECTION' => 'keep-alive'
    'HTTP_REFERER' => 'http://www.test.com/billiards/backend/web/index.php?r=login%2Findex'
    'HTTP_UPGRADE_INSECURE_REQUESTS' => '1'
    'PATH' => '/usr/local/sbin:/usr/local/bin:/usr/sbin:/usr/bin:/sbin:/bin:/snap/bin'
    'LD_LIBRARY_PATH' => '/opt/lampp/lib:/opt/lampp/lib'
    'SERVER_SIGNATURE' => ''
    'SERVER_SOFTWARE' => 'Apache/2.4.27 (Unix) OpenSSL/1.0.2l PHP/7.1.9 mod_perl/2.0.8-dev Perl/v5.16.3'
    'SERVER_NAME' => 'www.test.com'
    'SERVER_ADDR' => '127.0.0.1'
    'SERVER_PORT' => '80'
    'REMOTE_ADDR' => '127.0.0.1'
    'DOCUMENT_ROOT' => '/home/ff/workspace'
    'REQUEST_SCHEME' => 'http'
    'CONTEXT_PREFIX' => ''
    'CONTEXT_DOCUMENT_ROOT' => '/home/ff/workspace'
    'SERVER_ADMIN' => 'you@example.com'
    'SCRIPT_FILENAME' => '/home/ff/workspace/billiards/backend/web/index.php'
    'REMOTE_PORT' => '42286'
    'GATEWAY_INTERFACE' => 'CGI/1.1'
    'SERVER_PROTOCOL' => 'HTTP/1.1'
    'REQUEST_METHOD' => 'GET'
    'QUERY_STRING' => 'r=login%2Findex'
    'REQUEST_URI' => '/billiards/backend/web/index.php?r=login%2Findex'
    'SCRIPT_NAME' => '/billiards/backend/web/index.php'
    'PHP_SELF' => '/billiards/backend/web/index.php'
    'REQUEST_TIME_FLOAT' => 1507365484.458
    'REQUEST_TIME' => 1507365484
]
2017-10-07 10:54:31 [127.0.0.1][-][-][error][yii\web\Session::open] session_start(): Failed to read session data: files (path: /opt/lampp/temp/)
2017-10-07 10:54:31 [127.0.0.1][-][-][info][application] $_GET = [
    'XDEBUG_SESSION_START' => '12024'
]

$_COOKIE = [
    '_csrf-backend' => '47b98c459881b19c86792da2afbb20e22453a33fd301ce54b1a6f9950c774905a:2:{i:0;s:13:\"_csrf-backend\";i:1;s:32:\"1K7uUDZNK-1OQiet4Tb3zu46tx4L002H\";}'
    'advanced-backend' => 'b0fc35e8990e8d6b34248a50d353726b'
]

$_SERVER = [
    'UNIQUE_ID' => 'WdiWMX8AAQEAAFPIUIMAAAAA'
    'HTTP_HOST' => 'www.test.com'
    'HTTP_USER_AGENT' => 'Mozilla/5.0 (X11; Linux x86_64) AppleWebKit/537.36 (KHTML, like Gecko) Chrome/61.0.3163.100 Safari/537.36'
    'HTTP_ACCEPT' => 'text/html,application/xhtml+xml,application/xml;q=0.9,image/webp,image/apng,*/*;q=0.8'
    'HTTP_ACCEPT_ENCODING' => 'gzip, deflate'
    'HTTP_ACCEPT_LANGUAGE' => 'zh-CN,zh;q=0.8,en;q=0.6'
    'HTTP_COOKIE' => '_csrf-backend=47b98c459881b19c86792da2afbb20e22453a33fd301ce54b1a6f9950c774905a%3A2%3A%7Bi%3A0%3Bs%3A13%3A%22_csrf-backend%22%3Bi%3A1%3Bs%3A32%3A%221K7uUDZNK-1OQiet4Tb3zu46tx4L002H%22%3B%7D; advanced-backend=b0fc35e8990e8d6b34248a50d353726b'
    'HTTP_PROXY_CONNECTION' => 'keep-alive'
    'HTTP_UPGRADE_INSECURE_REQUESTS' => '1'
    'HTTP_X_LANTERN_VERSION' => '4.0.1'
    'PATH' => '/usr/local/sbin:/usr/local/bin:/usr/sbin:/usr/bin:/sbin:/bin:/snap/bin'
    'LD_LIBRARY_PATH' => '/opt/lampp/lib:/opt/lampp/lib'
    'SERVER_SIGNATURE' => ''
    'SERVER_SOFTWARE' => 'Apache/2.4.27 (Unix) OpenSSL/1.0.2l PHP/7.1.9 mod_perl/2.0.8-dev Perl/v5.16.3'
    'SERVER_NAME' => 'www.test.com'
    'SERVER_ADDR' => '127.0.0.1'
    'SERVER_PORT' => '80'
    'REMOTE_ADDR' => '127.0.0.1'
    'DOCUMENT_ROOT' => '/home/ff/workspace'
    'REQUEST_SCHEME' => 'http'
    'CONTEXT_PREFIX' => ''
    'CONTEXT_DOCUMENT_ROOT' => '/home/ff/workspace'
    'SERVER_ADMIN' => 'you@example.com'
    'SCRIPT_FILENAME' => '/home/ff/workspace/billiards/backend/web/index.php'
    'REMOTE_PORT' => '51816'
    'GATEWAY_INTERFACE' => 'CGI/1.1'
    'SERVER_PROTOCOL' => 'HTTP/1.1'
    'REQUEST_METHOD' => 'GET'
    'QUERY_STRING' => 'XDEBUG_SESSION_START=12024'
    'REQUEST_URI' => '/billiards/backend/web/?XDEBUG_SESSION_START=12024'
    'SCRIPT_NAME' => '/billiards/backend/web/index.php'
    'PHP_SELF' => '/billiards/backend/web/index.php'
    'REQUEST_TIME_FLOAT' => 1507366449.434
    'REQUEST_TIME' => 1507366449
]
2017-10-07 10:54:33 [127.0.0.1][-][-][error][yii\web\Session::open] session_start(): Failed to read session data: files (path: /opt/lampp/temp/)
    in /home/ff/workspace/billiards/backend/controllers/LoginController.php:24
2017-10-07 10:54:31 [127.0.0.1][-][-][info][application] $_GET = [
    'r' => 'login/index'
]

$_COOKIE = [
    '_csrf-backend' => '47b98c459881b19c86792da2afbb20e22453a33fd301ce54b1a6f9950c774905a:2:{i:0;s:13:\"_csrf-backend\";i:1;s:32:\"1K7uUDZNK-1OQiet4Tb3zu46tx4L002H\";}'
    'advanced-backend' => 'b0fc35e8990e8d6b34248a50d353726b'
    'XDEBUG_SESSION' => '12024'
]

$_SERVER = [
    'UNIQUE_ID' => 'WdiWR38AAQEAAFPIUIQAAAAA'
    'HTTP_HOST' => 'www.test.com'
    'HTTP_USER_AGENT' => 'Mozilla/5.0 (X11; Linux x86_64) AppleWebKit/537.36 (KHTML, like Gecko) Chrome/61.0.3163.100 Safari/537.36'
    'HTTP_ACCEPT' => 'text/html,application/xhtml+xml,application/xml;q=0.9,image/webp,image/apng,*/*;q=0.8'
    'HTTP_ACCEPT_ENCODING' => 'gzip, deflate'
    'HTTP_ACCEPT_LANGUAGE' => 'zh-CN,zh;q=0.8,en;q=0.6'
    'HTTP_COOKIE' => '_csrf-backend=47b98c459881b19c86792da2afbb20e22453a33fd301ce54b1a6f9950c774905a%3A2%3A%7Bi%3A0%3Bs%3A13%3A%22_csrf-backend%22%3Bi%3A1%3Bs%3A32%3A%221K7uUDZNK-1OQiet4Tb3zu46tx4L002H%22%3B%7D; advanced-backend=b0fc35e8990e8d6b34248a50d353726b; XDEBUG_SESSION=12024'
    'HTTP_PROXY_CONNECTION' => 'keep-alive'
    'HTTP_UPGRADE_INSECURE_REQUESTS' => '1'
    'PATH' => '/usr/local/sbin:/usr/local/bin:/usr/sbin:/usr/bin:/sbin:/bin:/snap/bin'
    'LD_LIBRARY_PATH' => '/opt/lampp/lib:/opt/lampp/lib'
    'SERVER_SIGNATURE' => ''
    'SERVER_SOFTWARE' => 'Apache/2.4.27 (Unix) OpenSSL/1.0.2l PHP/7.1.9 mod_perl/2.0.8-dev Perl/v5.16.3'
    'SERVER_NAME' => 'www.test.com'
    'SERVER_ADDR' => '127.0.0.1'
    'SERVER_PORT' => '80'
    'REMOTE_ADDR' => '127.0.0.1'
    'DOCUMENT_ROOT' => '/home/ff/workspace'
    'REQUEST_SCHEME' => 'http'
    'CONTEXT_PREFIX' => ''
    'CONTEXT_DOCUMENT_ROOT' => '/home/ff/workspace'
    'SERVER_ADMIN' => 'you@example.com'
    'SCRIPT_FILENAME' => '/home/ff/workspace/billiards/backend/web/index.php'
    'REMOTE_PORT' => '51816'
    'GATEWAY_INTERFACE' => 'CGI/1.1'
    'SERVER_PROTOCOL' => 'HTTP/1.1'
    'REQUEST_METHOD' => 'GET'
    'QUERY_STRING' => 'r=login%2Findex'
    'REQUEST_URI' => '/billiards/backend/web/index.php?r=login%2Findex'
    'SCRIPT_NAME' => '/billiards/backend/web/index.php'
    'PHP_SELF' => '/billiards/backend/web/index.php'
    'REQUEST_TIME_FLOAT' => 1507366471.566
    'REQUEST_TIME' => 1507366471
]
2017-10-07 10:54:56 [127.0.0.1][admin][-][error][yii\web\Session::open] session_start(): Failed to read session data: files (path: /opt/lampp/temp/)
    in /home/ff/workspace/billiards/backend/controllers/LoginController.php:24
2017-10-07 10:55:19 [127.0.0.1][admin][-][error][yii\web\Session::open] session_start(): Failed to read session data: files (path: /opt/lampp/temp/)
    in /home/ff/workspace/billiards/backend/controllers/LoginController.php:40
2017-10-07 10:55:19 [127.0.0.1][admin][-][error][yii\web\Session::open] session_start(): Failed to read session data: files (path: /opt/lampp/temp/)
    in /home/ff/workspace/billiards/backend/controllers/LoginController.php:40
2017-10-07 10:55:19 [127.0.0.1][admin][-][error][yii\web\Session::open] session_start(): Failed to read session data: files (path: /opt/lampp/temp/)
    in /home/ff/workspace/billiards/backend/controllers/LoginController.php:40
2017-10-07 10:54:52 [127.0.0.1][admin][-][info][application] $_GET = [
    'r' => 'login/index'
]

$_POST = [
    '_csrf-backend' => 'WkZLUWpINGFrDXwkPwxuLxFreh47IVEVbhIpYhA9AFcuPn8dWngGKQ=='
    'user' => 'admin'
    'pwd' => 'admin123'
]

$_COOKIE = [
    '_csrf-backend' => '47b98c459881b19c86792da2afbb20e22453a33fd301ce54b1a6f9950c774905a:2:{i:0;s:13:\"_csrf-backend\";i:1;s:32:\"1K7uUDZNK-1OQiet4Tb3zu46tx4L002H\";}'
    'advanced-backend' => 'b0fc35e8990e8d6b34248a50d353726b'
    'XDEBUG_SESSION' => '12024'
]

$_SESSION = [
    '__id' => 'admin'
]

$_SERVER = [
    'UNIQUE_ID' => 'WdiWXH8AAQEAAFPJyScAAAAB'
    'HTTP_HOST' => 'www.test.com'
    'HTTP_USER_AGENT' => 'Mozilla/5.0 (X11; Linux x86_64) AppleWebKit/537.36 (KHTML, like Gecko) Chrome/61.0.3163.100 Safari/537.36'
    'CONTENT_LENGTH' => '98'
    'HTTP_ACCEPT' => 'text/html,application/xhtml+xml,application/xml;q=0.9,image/webp,image/apng,*/*;q=0.8'
    'HTTP_ACCEPT_ENCODING' => 'gzip, deflate'
    'HTTP_ACCEPT_LANGUAGE' => 'zh-CN,zh;q=0.8,en;q=0.6'
    'HTTP_CACHE_CONTROL' => 'max-age=0'
    'CONTENT_TYPE' => 'application/x-www-form-urlencoded'
    'HTTP_COOKIE' => '_csrf-backend=47b98c459881b19c86792da2afbb20e22453a33fd301ce54b1a6f9950c774905a%3A2%3A%7Bi%3A0%3Bs%3A13%3A%22_csrf-backend%22%3Bi%3A1%3Bs%3A32%3A%221K7uUDZNK-1OQiet4Tb3zu46tx4L002H%22%3B%7D; advanced-backend=b0fc35e8990e8d6b34248a50d353726b; XDEBUG_SESSION=12024'
    'HTTP_ORIGIN' => 'http://www.test.com'
    'HTTP_PROXY_CONNECTION' => 'keep-alive'
    'HTTP_REFERER' => 'http://www.test.com/billiards/backend/web/index.php?r=login%2Findex'
    'HTTP_UPGRADE_INSECURE_REQUESTS' => '1'
    'PATH' => '/usr/local/sbin:/usr/local/bin:/usr/sbin:/usr/bin:/sbin:/bin:/snap/bin'
    'LD_LIBRARY_PATH' => '/opt/lampp/lib:/opt/lampp/lib'
    'SERVER_SIGNATURE' => ''
    'SERVER_SOFTWARE' => 'Apache/2.4.27 (Unix) OpenSSL/1.0.2l PHP/7.1.9 mod_perl/2.0.8-dev Perl/v5.16.3'
    'SERVER_NAME' => 'www.test.com'
    'SERVER_ADDR' => '127.0.0.1'
    'SERVER_PORT' => '80'
    'REMOTE_ADDR' => '127.0.0.1'
    'DOCUMENT_ROOT' => '/home/ff/workspace'
    'REQUEST_SCHEME' => 'http'
    'CONTEXT_PREFIX' => ''
    'CONTEXT_DOCUMENT_ROOT' => '/home/ff/workspace'
    'SERVER_ADMIN' => 'you@example.com'
    'SCRIPT_FILENAME' => '/home/ff/workspace/billiards/backend/web/index.php'
    'REMOTE_PORT' => '52214'
    'GATEWAY_INTERFACE' => 'CGI/1.1'
    'SERVER_PROTOCOL' => 'HTTP/1.1'
    'REQUEST_METHOD' => 'POST'
    'QUERY_STRING' => 'r=login%2Findex'
    'REQUEST_URI' => '/billiards/backend/web/index.php?r=login%2Findex'
    'SCRIPT_NAME' => '/billiards/backend/web/index.php'
    'PHP_SELF' => '/billiards/backend/web/index.php'
    'REQUEST_TIME_FLOAT' => 1507366492.446
    'REQUEST_TIME' => 1507366492
]
2017-10-07 10:55:39 [127.0.0.1][-][-][error][yii\web\Session::open] session_start(): Failed to read session data: files (path: /opt/lampp/temp/)
2017-10-07 10:55:39 [127.0.0.1][-][-][info][application] $_COOKIE = [
    '_csrf-backend' => '47b98c459881b19c86792da2afbb20e22453a33fd301ce54b1a6f9950c774905a:2:{i:0;s:13:\"_csrf-backend\";i:1;s:32:\"1K7uUDZNK-1OQiet4Tb3zu46tx4L002H\";}'
    'XDEBUG_SESSION' => '12024'
    'advanced-backend' => 'b0fc35e8990e8d6b34248a50d353726b'
]

$_SERVER = [
    'UNIQUE_ID' => 'WdiWi38AAQEAAFPJySgAAAAB'
    'HTTP_HOST' => 'www.test.com'
    'HTTP_USER_AGENT' => 'Mozilla/5.0 (X11; Linux x86_64) AppleWebKit/537.36 (KHTML, like Gecko) Chrome/61.0.3163.100 Safari/537.36'
    'HTTP_ACCEPT' => 'text/html,application/xhtml+xml,application/xml;q=0.9,image/webp,image/apng,*/*;q=0.8'
    'HTTP_ACCEPT_ENCODING' => 'gzip, deflate'
    'HTTP_ACCEPT_LANGUAGE' => 'zh-CN,zh;q=0.8,en;q=0.6'
    'HTTP_CACHE_CONTROL' => 'max-age=0'
    'HTTP_COOKIE' => '_csrf-backend=47b98c459881b19c86792da2afbb20e22453a33fd301ce54b1a6f9950c774905a%3A2%3A%7Bi%3A0%3Bs%3A13%3A%22_csrf-backend%22%3Bi%3A1%3Bs%3A32%3A%221K7uUDZNK-1OQiet4Tb3zu46tx4L002H%22%3B%7D; XDEBUG_SESSION=12024; advanced-backend=b0fc35e8990e8d6b34248a50d353726b'
    'HTTP_PROXY_CONNECTION' => 'keep-alive'
    'HTTP_REFERER' => 'http://www.test.com/billiards/backend/web/index.php?r=login%2Findex'
    'HTTP_UPGRADE_INSECURE_REQUESTS' => '1'
    'PATH' => '/usr/local/sbin:/usr/local/bin:/usr/sbin:/usr/bin:/sbin:/bin:/snap/bin'
    'LD_LIBRARY_PATH' => '/opt/lampp/lib:/opt/lampp/lib'
    'SERVER_SIGNATURE' => ''
    'SERVER_SOFTWARE' => 'Apache/2.4.27 (Unix) OpenSSL/1.0.2l PHP/7.1.9 mod_perl/2.0.8-dev Perl/v5.16.3'
    'SERVER_NAME' => 'www.test.com'
    'SERVER_ADDR' => '127.0.0.1'
    'SERVER_PORT' => '80'
    'REMOTE_ADDR' => '127.0.0.1'
    'DOCUMENT_ROOT' => '/home/ff/workspace'
    'REQUEST_SCHEME' => 'http'
    'CONTEXT_PREFIX' => ''
    'CONTEXT_DOCUMENT_ROOT' => '/home/ff/workspace'
    'SERVER_ADMIN' => 'you@example.com'
    'SCRIPT_FILENAME' => '/home/ff/workspace/billiards/backend/web/index.php'
    'REMOTE_PORT' => '52214'
    'GATEWAY_INTERFACE' => 'CGI/1.1'
    'SERVER_PROTOCOL' => 'HTTP/1.1'
    'REQUEST_METHOD' => 'GET'
    'QUERY_STRING' => ''
    'REQUEST_URI' => '/billiards/backend/web/index.php'
    'SCRIPT_NAME' => '/billiards/backend/web/index.php'
    'PHP_SELF' => '/billiards/backend/web/index.php'
    'REQUEST_TIME_FLOAT' => 1507366539.588
    'REQUEST_TIME' => 1507366539
]
2017-10-07 10:55:55 [127.0.0.1][-][-][error][yii\web\Session::open] session_start(): Failed to read session data: files (path: /opt/lampp/temp/)
    in /home/ff/workspace/billiards/backend/controllers/LoginController.php:24
2017-10-07 10:55:39 [127.0.0.1][-][-][info][application] $_GET = [
    'r' => 'login/index'
]

$_COOKIE = [
    '_csrf-backend' => '47b98c459881b19c86792da2afbb20e22453a33fd301ce54b1a6f9950c774905a:2:{i:0;s:13:\"_csrf-backend\";i:1;s:32:\"1K7uUDZNK-1OQiet4Tb3zu46tx4L002H\";}'
    'XDEBUG_SESSION' => '12024'
    'advanced-backend' => 'b0fc35e8990e8d6b34248a50d353726b'
]

$_SERVER = [
    'UNIQUE_ID' => 'WdiWi38AAQEAAFPJySkAAAAB'
    'HTTP_HOST' => 'www.test.com'
    'HTTP_USER_AGENT' => 'Mozilla/5.0 (X11; Linux x86_64) AppleWebKit/537.36 (KHTML, like Gecko) Chrome/61.0.3163.100 Safari/537.36'
    'HTTP_ACCEPT' => 'text/html,application/xhtml+xml,application/xml;q=0.9,image/webp,image/apng,*/*;q=0.8'
    'HTTP_ACCEPT_ENCODING' => 'gzip, deflate'
    'HTTP_ACCEPT_LANGUAGE' => 'zh-CN,zh;q=0.8,en;q=0.6'
    'HTTP_CACHE_CONTROL' => 'max-age=0'
    'HTTP_COOKIE' => '_csrf-backend=47b98c459881b19c86792da2afbb20e22453a33fd301ce54b1a6f9950c774905a%3A2%3A%7Bi%3A0%3Bs%3A13%3A%22_csrf-backend%22%3Bi%3A1%3Bs%3A32%3A%221K7uUDZNK-1OQiet4Tb3zu46tx4L002H%22%3B%7D; XDEBUG_SESSION=12024; advanced-backend=b0fc35e8990e8d6b34248a50d353726b'
    'HTTP_PROXY_CONNECTION' => 'keep-alive'
    'HTTP_REFERER' => 'http://www.test.com/billiards/backend/web/index.php?r=login%2Findex'
    'HTTP_UPGRADE_INSECURE_REQUESTS' => '1'
    'PATH' => '/usr/local/sbin:/usr/local/bin:/usr/sbin:/usr/bin:/sbin:/bin:/snap/bin'
    'LD_LIBRARY_PATH' => '/opt/lampp/lib:/opt/lampp/lib'
    'SERVER_SIGNATURE' => ''
    'SERVER_SOFTWARE' => 'Apache/2.4.27 (Unix) OpenSSL/1.0.2l PHP/7.1.9 mod_perl/2.0.8-dev Perl/v5.16.3'
    'SERVER_NAME' => 'www.test.com'
    'SERVER_ADDR' => '127.0.0.1'
    'SERVER_PORT' => '80'
    'REMOTE_ADDR' => '127.0.0.1'
    'DOCUMENT_ROOT' => '/home/ff/workspace'
    'REQUEST_SCHEME' => 'http'
    'CONTEXT_PREFIX' => ''
    'CONTEXT_DOCUMENT_ROOT' => '/home/ff/workspace'
    'SERVER_ADMIN' => 'you@example.com'
    'SCRIPT_FILENAME' => '/home/ff/workspace/billiards/backend/web/index.php'
    'REMOTE_PORT' => '52214'
    'GATEWAY_INTERFACE' => 'CGI/1.1'
    'SERVER_PROTOCOL' => 'HTTP/1.1'
    'REQUEST_METHOD' => 'GET'
    'QUERY_STRING' => 'r=login%2Findex'
    'REQUEST_URI' => '/billiards/backend/web/index.php?r=login%2Findex'
    'SCRIPT_NAME' => '/billiards/backend/web/index.php'
    'PHP_SELF' => '/billiards/backend/web/index.php'
    'REQUEST_TIME_FLOAT' => 1507366539.649
    'REQUEST_TIME' => 1507366539
]
2017-10-07 10:56:13 [127.0.0.1][admin][-][error][yii\web\Session::open] session_start(): Failed to read session data: files (path: /opt/lampp/temp/)
    in /home/ff/workspace/billiards/backend/controllers/LoginController.php:24
2017-10-07 10:56:38 [127.0.0.1][admin][-][error][yii\web\Session::open] session_start(): Failed to read session data: files (path: /opt/lampp/temp/)
    in /home/ff/workspace/billiards/backend/controllers/LoginController.php:40
2017-10-07 10:56:38 [127.0.0.1][admin][-][error][yii\web\Session::open] session_start(): Failed to read session data: files (path: /opt/lampp/temp/)
    in /home/ff/workspace/billiards/backend/controllers/LoginController.php:40
2017-10-07 10:56:38 [127.0.0.1][admin][-][error][yii\web\Session::open] session_start(): Failed to read session data: files (path: /opt/lampp/temp/)
    in /home/ff/workspace/billiards/backend/controllers/LoginController.php:40
2017-10-07 10:56:03 [127.0.0.1][admin][-][info][application] $_GET = [
    'r' => 'login/index'
]

$_POST = [
    '_csrf-backend' => 'U1dyTS4wT0liHEU4e3QVBxh6QwJ/WSo9ZwMQflRFe38nL0YBHgB9AQ=='
    'user' => 'admin'
    'pwd' => 'admin123'
]

$_COOKIE = [
    '_csrf-backend' => '47b98c459881b19c86792da2afbb20e22453a33fd301ce54b1a6f9950c774905a:2:{i:0;s:13:\"_csrf-backend\";i:1;s:32:\"1K7uUDZNK-1OQiet4Tb3zu46tx4L002H\";}'
    'XDEBUG_SESSION' => '12024'
    'advanced-backend' => 'b0fc35e8990e8d6b34248a50d353726b'
]

$_SESSION = [
    '__id' => 'admin'
]

$_SERVER = [
    'UNIQUE_ID' => 'WdiWo38AAQEAAFPKFwoAAAAC'
    'HTTP_HOST' => 'www.test.com'
    'HTTP_USER_AGENT' => 'Mozilla/5.0 (X11; Linux x86_64) AppleWebKit/537.36 (KHTML, like Gecko) Chrome/61.0.3163.100 Safari/537.36'
    'CONTENT_LENGTH' => '100'
    'HTTP_ACCEPT' => 'text/html,application/xhtml+xml,application/xml;q=0.9,image/webp,image/apng,*/*;q=0.8'
    'HTTP_ACCEPT_ENCODING' => 'gzip, deflate'
    'HTTP_ACCEPT_LANGUAGE' => 'zh-CN,zh;q=0.8,en;q=0.6'
    'HTTP_CACHE_CONTROL' => 'max-age=0'
    'CONTENT_TYPE' => 'application/x-www-form-urlencoded'
    'HTTP_COOKIE' => '_csrf-backend=47b98c459881b19c86792da2afbb20e22453a33fd301ce54b1a6f9950c774905a%3A2%3A%7Bi%3A0%3Bs%3A13%3A%22_csrf-backend%22%3Bi%3A1%3Bs%3A32%3A%221K7uUDZNK-1OQiet4Tb3zu46tx4L002H%22%3B%7D; XDEBUG_SESSION=12024; advanced-backend=b0fc35e8990e8d6b34248a50d353726b'
    'HTTP_ORIGIN' => 'http://www.test.com'
    'HTTP_PROXY_CONNECTION' => 'keep-alive'
    'HTTP_REFERER' => 'http://www.test.com/billiards/backend/web/index.php?r=login%2Findex'
    'HTTP_UPGRADE_INSECURE_REQUESTS' => '1'
    'PATH' => '/usr/local/sbin:/usr/local/bin:/usr/sbin:/usr/bin:/sbin:/bin:/snap/bin'
    'LD_LIBRARY_PATH' => '/opt/lampp/lib:/opt/lampp/lib'
    'SERVER_SIGNATURE' => ''
    'SERVER_SOFTWARE' => 'Apache/2.4.27 (Unix) OpenSSL/1.0.2l PHP/7.1.9 mod_perl/2.0.8-dev Perl/v5.16.3'
    'SERVER_NAME' => 'www.test.com'
    'SERVER_ADDR' => '127.0.0.1'
    'SERVER_PORT' => '80'
    'REMOTE_ADDR' => '127.0.0.1'
    'DOCUMENT_ROOT' => '/home/ff/workspace'
    'REQUEST_SCHEME' => 'http'
    'CONTEXT_PREFIX' => ''
    'CONTEXT_DOCUMENT_ROOT' => '/home/ff/workspace'
    'SERVER_ADMIN' => 'you@example.com'
    'SCRIPT_FILENAME' => '/home/ff/workspace/billiards/backend/web/index.php'
    'REMOTE_PORT' => '52792'
    'GATEWAY_INTERFACE' => 'CGI/1.1'
    'SERVER_PROTOCOL' => 'HTTP/1.1'
    'REQUEST_METHOD' => 'POST'
    'QUERY_STRING' => 'r=login%2Findex'
    'REQUEST_URI' => '/billiards/backend/web/index.php?r=login%2Findex'
    'SCRIPT_NAME' => '/billiards/backend/web/index.php'
    'PHP_SELF' => '/billiards/backend/web/index.php'
    'REQUEST_TIME_FLOAT' => 1507366563.181
    'REQUEST_TIME' => 1507366563
]
2017-10-07 10:57:14 [127.0.0.1][-][-][error][yii\web\Session::open] session_start(): Failed to read session data: files (path: /opt/lampp/temp/)
2017-10-07 10:57:14 [127.0.0.1][-][-][info][application] $_COOKIE = [
    '_csrf-backend' => '47b98c459881b19c86792da2afbb20e22453a33fd301ce54b1a6f9950c774905a:2:{i:0;s:13:\"_csrf-backend\";i:1;s:32:\"1K7uUDZNK-1OQiet4Tb3zu46tx4L002H\";}'
    'XDEBUG_SESSION' => '12024'
    'advanced-backend' => 'b0fc35e8990e8d6b34248a50d353726b'
]

$_SERVER = [
    'UNIQUE_ID' => 'WdiW6n8AAQEAAFPKFwsAAAAC'
    'HTTP_HOST' => 'www.test.com'
    'HTTP_USER_AGENT' => 'Mozilla/5.0 (X11; Linux x86_64) AppleWebKit/537.36 (KHTML, like Gecko) Chrome/61.0.3163.100 Safari/537.36'
    'HTTP_ACCEPT' => 'text/html,application/xhtml+xml,application/xml;q=0.9,image/webp,image/apng,*/*;q=0.8'
    'HTTP_ACCEPT_ENCODING' => 'gzip, deflate'
    'HTTP_ACCEPT_LANGUAGE' => 'zh-CN,zh;q=0.8,en;q=0.6'
    'HTTP_CACHE_CONTROL' => 'max-age=0'
    'HTTP_COOKIE' => '_csrf-backend=47b98c459881b19c86792da2afbb20e22453a33fd301ce54b1a6f9950c774905a%3A2%3A%7Bi%3A0%3Bs%3A13%3A%22_csrf-backend%22%3Bi%3A1%3Bs%3A32%3A%221K7uUDZNK-1OQiet4Tb3zu46tx4L002H%22%3B%7D; XDEBUG_SESSION=12024; advanced-backend=b0fc35e8990e8d6b34248a50d353726b'
    'HTTP_PROXY_CONNECTION' => 'keep-alive'
    'HTTP_REFERER' => 'http://www.test.com/billiards/backend/web/index.php?r=login%2Findex'
    'HTTP_UPGRADE_INSECURE_REQUESTS' => '1'
    'PATH' => '/usr/local/sbin:/usr/local/bin:/usr/sbin:/usr/bin:/sbin:/bin:/snap/bin'
    'LD_LIBRARY_PATH' => '/opt/lampp/lib:/opt/lampp/lib'
    'SERVER_SIGNATURE' => ''
    'SERVER_SOFTWARE' => 'Apache/2.4.27 (Unix) OpenSSL/1.0.2l PHP/7.1.9 mod_perl/2.0.8-dev Perl/v5.16.3'
    'SERVER_NAME' => 'www.test.com'
    'SERVER_ADDR' => '127.0.0.1'
    'SERVER_PORT' => '80'
    'REMOTE_ADDR' => '127.0.0.1'
    'DOCUMENT_ROOT' => '/home/ff/workspace'
    'REQUEST_SCHEME' => 'http'
    'CONTEXT_PREFIX' => ''
    'CONTEXT_DOCUMENT_ROOT' => '/home/ff/workspace'
    'SERVER_ADMIN' => 'you@example.com'
    'SCRIPT_FILENAME' => '/home/ff/workspace/billiards/backend/web/index.php'
    'REMOTE_PORT' => '52792'
    'GATEWAY_INTERFACE' => 'CGI/1.1'
    'SERVER_PROTOCOL' => 'HTTP/1.1'
    'REQUEST_METHOD' => 'GET'
    'QUERY_STRING' => ''
    'REQUEST_URI' => '/billiards/backend/web/index.php'
    'SCRIPT_NAME' => '/billiards/backend/web/index.php'
    'PHP_SELF' => '/billiards/backend/web/index.php'
    'REQUEST_TIME_FLOAT' => 1507366634.521
    'REQUEST_TIME' => 1507366634
]
2017-10-07 10:57:46 [127.0.0.1][-][-][error][yii\web\Session::open] session_start(): Failed to read session data: files (path: /opt/lampp/temp/)
    in /home/ff/workspace/billiards/backend/controllers/LoginController.php:24
2017-10-07 10:57:14 [127.0.0.1][-][-][info][application] $_GET = [
    'r' => 'login/index'
]

$_COOKIE = [
    '_csrf-backend' => '47b98c459881b19c86792da2afbb20e22453a33fd301ce54b1a6f9950c774905a:2:{i:0;s:13:\"_csrf-backend\";i:1;s:32:\"1K7uUDZNK-1OQiet4Tb3zu46tx4L002H\";}'
    'XDEBUG_SESSION' => '12024'
    'advanced-backend' => 'b0fc35e8990e8d6b34248a50d353726b'
]

$_SERVER = [
    'UNIQUE_ID' => 'WdiW6n8AAQEAAFPKFwwAAAAC'
    'HTTP_HOST' => 'www.test.com'
    'HTTP_USER_AGENT' => 'Mozilla/5.0 (X11; Linux x86_64) AppleWebKit/537.36 (KHTML, like Gecko) Chrome/61.0.3163.100 Safari/537.36'
    'HTTP_ACCEPT' => 'text/html,application/xhtml+xml,application/xml;q=0.9,image/webp,image/apng,*/*;q=0.8'
    'HTTP_ACCEPT_ENCODING' => 'gzip, deflate'
    'HTTP_ACCEPT_LANGUAGE' => 'zh-CN,zh;q=0.8,en;q=0.6'
    'HTTP_CACHE_CONTROL' => 'max-age=0'
    'HTTP_COOKIE' => '_csrf-backend=47b98c459881b19c86792da2afbb20e22453a33fd301ce54b1a6f9950c774905a%3A2%3A%7Bi%3A0%3Bs%3A13%3A%22_csrf-backend%22%3Bi%3A1%3Bs%3A32%3A%221K7uUDZNK-1OQiet4Tb3zu46tx4L002H%22%3B%7D; XDEBUG_SESSION=12024; advanced-backend=b0fc35e8990e8d6b34248a50d353726b'
    'HTTP_PROXY_CONNECTION' => 'keep-alive'
    'HTTP_REFERER' => 'http://www.test.com/billiards/backend/web/index.php?r=login%2Findex'
    'HTTP_UPGRADE_INSECURE_REQUESTS' => '1'
    'PATH' => '/usr/local/sbin:/usr/local/bin:/usr/sbin:/usr/bin:/sbin:/bin:/snap/bin'
    'LD_LIBRARY_PATH' => '/opt/lampp/lib:/opt/lampp/lib'
    'SERVER_SIGNATURE' => ''
    'SERVER_SOFTWARE' => 'Apache/2.4.27 (Unix) OpenSSL/1.0.2l PHP/7.1.9 mod_perl/2.0.8-dev Perl/v5.16.3'
    'SERVER_NAME' => 'www.test.com'
    'SERVER_ADDR' => '127.0.0.1'
    'SERVER_PORT' => '80'
    'REMOTE_ADDR' => '127.0.0.1'
    'DOCUMENT_ROOT' => '/home/ff/workspace'
    'REQUEST_SCHEME' => 'http'
    'CONTEXT_PREFIX' => ''
    'CONTEXT_DOCUMENT_ROOT' => '/home/ff/workspace'
    'SERVER_ADMIN' => 'you@example.com'
    'SCRIPT_FILENAME' => '/home/ff/workspace/billiards/backend/web/index.php'
    'REMOTE_PORT' => '52792'
    'GATEWAY_INTERFACE' => 'CGI/1.1'
    'SERVER_PROTOCOL' => 'HTTP/1.1'
    'REQUEST_METHOD' => 'GET'
    'QUERY_STRING' => 'r=login%2Findex'
    'REQUEST_URI' => '/billiards/backend/web/index.php?r=login%2Findex'
    'SCRIPT_NAME' => '/billiards/backend/web/index.php'
    'PHP_SELF' => '/billiards/backend/web/index.php'
    'REQUEST_TIME_FLOAT' => 1507366634.638
    'REQUEST_TIME' => 1507366634
]
